{"C:\\Apps\\malonejv\\cursos\\curso-fernando-herrera-react\\src\\section-08\\GifApp\\src\\common\\Assertion.js": {"path":"C:\\Apps\\malonejv\\cursos\\curso-fernando-herrera-react\\src\\section-08\\GifApp\\src\\common\\Assertion.js","statementMap":{"0":{"start":{"line":4,"column":8},"end":{"line":4,"column":29}},"1":{"start":{"line":8,"column":8},"end":{"line":10,"column":9}},"2":{"start":{"line":9,"column":12},"end":{"line":9,"column":62}},"3":{"start":{"line":11,"column":8},"end":{"line":24,"column":9}},"4":{"start":{"line":13,"column":16},"end":{"line":13,"column":50}},"5":{"start":{"line":15,"column":16},"end":{"line":15,"column":50}},"6":{"start":{"line":17,"column":16},"end":{"line":21,"column":17}},"7":{"start":{"line":18,"column":20},"end":{"line":18,"column":53}},"8":{"start":{"line":20,"column":20},"end":{"line":20,"column":54}},"9":{"start":{"line":23,"column":16},"end":{"line":23,"column":66}},"10":{"start":{"line":30,"column":8},"end":{"line":32,"column":9}},"11":{"start":{"line":31,"column":12},"end":{"line":31,"column":73}},"12":{"start":{"line":33,"column":8},"end":{"line":33,"column":20}},"13":{"start":{"line":36,"column":8},"end":{"line":38,"column":9}},"14":{"start":{"line":37,"column":12},"end":{"line":37,"column":65}},"15":{"start":{"line":39,"column":8},"end":{"line":39,"column":20}},"16":{"start":{"line":42,"column":29},"end":{"line":42,"column":57}},"17":{"start":{"line":43,"column":8},"end":{"line":45,"column":9}},"18":{"start":{"line":44,"column":12},"end":{"line":44,"column":63}},"19":{"start":{"line":46,"column":8},"end":{"line":46,"column":20}},"20":{"start":{"line":49,"column":27},"end":{"line":49,"column":81}},"21":{"start":{"line":50,"column":8},"end":{"line":52,"column":9}},"22":{"start":{"line":51,"column":12},"end":{"line":51,"column":61}},"23":{"start":{"line":53,"column":8},"end":{"line":53,"column":20}},"24":{"start":{"line":59,"column":8},"end":{"line":61,"column":9}},"25":{"start":{"line":60,"column":12},"end":{"line":60,"column":65}},"26":{"start":{"line":62,"column":8},"end":{"line":62,"column":20}},"27":{"start":{"line":65,"column":8},"end":{"line":67,"column":9}},"28":{"start":{"line":66,"column":12},"end":{"line":66,"column":75}},"29":{"start":{"line":68,"column":8},"end":{"line":68,"column":20}},"30":{"start":{"line":71,"column":8},"end":{"line":73,"column":9}},"31":{"start":{"line":72,"column":12},"end":{"line":72,"column":83}},"32":{"start":{"line":74,"column":8},"end":{"line":74,"column":20}},"33":{"start":{"line":77,"column":8},"end":{"line":79,"column":9}},"34":{"start":{"line":78,"column":12},"end":{"line":78,"column":68}},"35":{"start":{"line":80,"column":8},"end":{"line":80,"column":20}},"36":{"start":{"line":83,"column":8},"end":{"line":85,"column":9}},"37":{"start":{"line":84,"column":12},"end":{"line":84,"column":66}},"38":{"start":{"line":86,"column":8},"end":{"line":86,"column":20}},"39":{"start":{"line":89,"column":8},"end":{"line":91,"column":9}},"40":{"start":{"line":90,"column":12},"end":{"line":90,"column":66}},"41":{"start":{"line":92,"column":8},"end":{"line":92,"column":20}},"42":{"start":{"line":95,"column":8},"end":{"line":97,"column":9}},"43":{"start":{"line":96,"column":12},"end":{"line":96,"column":69}},"44":{"start":{"line":98,"column":8},"end":{"line":98,"column":20}},"45":{"start":{"line":104,"column":8},"end":{"line":106,"column":9}},"46":{"start":{"line":105,"column":12},"end":{"line":105,"column":64}},"47":{"start":{"line":107,"column":8},"end":{"line":107,"column":20}},"48":{"start":{"line":110,"column":8},"end":{"line":112,"column":9}},"49":{"start":{"line":111,"column":12},"end":{"line":111,"column":70}},"50":{"start":{"line":113,"column":8},"end":{"line":113,"column":20}},"51":{"start":{"line":116,"column":8},"end":{"line":118,"column":9}},"52":{"start":{"line":117,"column":12},"end":{"line":117,"column":74}},"53":{"start":{"line":119,"column":8},"end":{"line":119,"column":20}},"54":{"start":{"line":122,"column":8},"end":{"line":124,"column":9}},"55":{"start":{"line":123,"column":12},"end":{"line":123,"column":75}},"56":{"start":{"line":125,"column":8},"end":{"line":125,"column":20}},"57":{"start":{"line":131,"column":8},"end":{"line":133,"column":9}},"58":{"start":{"line":132,"column":12},"end":{"line":132,"column":65}},"59":{"start":{"line":134,"column":8},"end":{"line":134,"column":20}},"60":{"start":{"line":12,"column":8},"end":{"line":25,"column":9}},"61":{"start":{"line":14,"column":16},"end":{"line":14,"column":50}},"62":{"start":{"line":16,"column":16},"end":{"line":16,"column":50}},"63":{"start":{"line":18,"column":16},"end":{"line":22,"column":17}},"64":{"start":{"line":19,"column":20},"end":{"line":19,"column":53}},"65":{"start":{"line":21,"column":20},"end":{"line":21,"column":54}},"66":{"start":{"line":24,"column":16},"end":{"line":24,"column":66}},"67":{"start":{"line":31,"column":8},"end":{"line":33,"column":9}},"68":{"start":{"line":32,"column":12},"end":{"line":32,"column":73}},"69":{"start":{"line":34,"column":8},"end":{"line":34,"column":20}},"70":{"start":{"line":37,"column":8},"end":{"line":39,"column":9}},"71":{"start":{"line":38,"column":12},"end":{"line":38,"column":65}},"72":{"start":{"line":40,"column":8},"end":{"line":40,"column":20}},"73":{"start":{"line":43,"column":29},"end":{"line":43,"column":57}},"74":{"start":{"line":44,"column":8},"end":{"line":46,"column":9}},"75":{"start":{"line":45,"column":12},"end":{"line":45,"column":63}},"76":{"start":{"line":47,"column":8},"end":{"line":47,"column":20}},"77":{"start":{"line":50,"column":27},"end":{"line":50,"column":81}},"78":{"start":{"line":51,"column":8},"end":{"line":53,"column":9}},"79":{"start":{"line":52,"column":12},"end":{"line":52,"column":61}},"80":{"start":{"line":54,"column":8},"end":{"line":54,"column":20}},"81":{"start":{"line":60,"column":8},"end":{"line":62,"column":9}},"82":{"start":{"line":61,"column":12},"end":{"line":61,"column":65}},"83":{"start":{"line":63,"column":8},"end":{"line":63,"column":20}},"84":{"start":{"line":66,"column":8},"end":{"line":68,"column":9}},"85":{"start":{"line":67,"column":12},"end":{"line":67,"column":75}},"86":{"start":{"line":69,"column":8},"end":{"line":69,"column":20}},"87":{"start":{"line":72,"column":8},"end":{"line":74,"column":9}},"88":{"start":{"line":73,"column":12},"end":{"line":73,"column":83}},"89":{"start":{"line":75,"column":8},"end":{"line":75,"column":20}},"90":{"start":{"line":78,"column":8},"end":{"line":80,"column":9}},"91":{"start":{"line":79,"column":12},"end":{"line":79,"column":68}},"92":{"start":{"line":81,"column":8},"end":{"line":81,"column":20}},"93":{"start":{"line":84,"column":8},"end":{"line":86,"column":9}},"94":{"start":{"line":85,"column":12},"end":{"line":85,"column":66}},"95":{"start":{"line":87,"column":8},"end":{"line":87,"column":20}},"96":{"start":{"line":90,"column":8},"end":{"line":92,"column":9}},"97":{"start":{"line":91,"column":12},"end":{"line":91,"column":66}},"98":{"start":{"line":93,"column":8},"end":{"line":93,"column":20}},"99":{"start":{"line":96,"column":8},"end":{"line":98,"column":9}},"100":{"start":{"line":97,"column":12},"end":{"line":97,"column":69}},"101":{"start":{"line":99,"column":8},"end":{"line":99,"column":20}},"102":{"start":{"line":105,"column":8},"end":{"line":107,"column":9}},"103":{"start":{"line":106,"column":12},"end":{"line":106,"column":64}},"104":{"start":{"line":108,"column":8},"end":{"line":108,"column":20}},"105":{"start":{"line":111,"column":8},"end":{"line":113,"column":9}},"106":{"start":{"line":112,"column":12},"end":{"line":112,"column":70}},"107":{"start":{"line":114,"column":8},"end":{"line":114,"column":20}},"108":{"start":{"line":117,"column":8},"end":{"line":119,"column":9}},"109":{"start":{"line":118,"column":12},"end":{"line":118,"column":74}},"110":{"start":{"line":120,"column":8},"end":{"line":120,"column":20}},"111":{"start":{"line":123,"column":8},"end":{"line":125,"column":9}},"112":{"start":{"line":124,"column":12},"end":{"line":124,"column":75}},"113":{"start":{"line":126,"column":8},"end":{"line":126,"column":20}},"114":{"start":{"line":132,"column":8},"end":{"line":134,"column":9}},"115":{"start":{"line":133,"column":12},"end":{"line":133,"column":65}},"116":{"start":{"line":135,"column":8},"end":{"line":135,"column":20}}},"fnMap":{"0":{"name":"(anonymous_0)","decl":{"start":{"line":3,"column":4},"end":{"line":3,"column":5}},"loc":{"start":{"line":3,"column":24},"end":{"line":5,"column":5}},"line":3},"1":{"name":"(anonymous_1)","decl":{"start":{"line":7,"column":4},"end":{"line":7,"column":5}},"loc":{"start":{"line":7,"column":23},"end":{"line":25,"column":5}},"line":7},"2":{"name":"(anonymous_2)","decl":{"start":{"line":29,"column":4},"end":{"line":29,"column":5}},"loc":{"start":{"line":29,"column":30},"end":{"line":34,"column":5}},"line":29},"3":{"name":"(anonymous_3)","decl":{"start":{"line":35,"column":4},"end":{"line":35,"column":5}},"loc":{"start":{"line":35,"column":22},"end":{"line":40,"column":5}},"line":35},"4":{"name":"(anonymous_4)","decl":{"start":{"line":41,"column":4},"end":{"line":41,"column":5}},"loc":{"start":{"line":41,"column":21},"end":{"line":47,"column":5}},"line":41},"5":{"name":"(anonymous_5)","decl":{"start":{"line":48,"column":4},"end":{"line":48,"column":5}},"loc":{"start":{"line":48,"column":19},"end":{"line":54,"column":5}},"line":48},"6":{"name":"(anonymous_6)","decl":{"start":{"line":58,"column":4},"end":{"line":58,"column":5}},"loc":{"start":{"line":58,"column":22},"end":{"line":63,"column":5}},"line":58},"7":{"name":"(anonymous_7)","decl":{"start":{"line":64,"column":4},"end":{"line":64,"column":5}},"loc":{"start":{"line":64,"column":31},"end":{"line":69,"column":5}},"line":64},"8":{"name":"(anonymous_8)","decl":{"start":{"line":70,"column":4},"end":{"line":70,"column":5}},"loc":{"start":{"line":70,"column":33},"end":{"line":75,"column":5}},"line":70},"9":{"name":"(anonymous_9)","decl":{"start":{"line":76,"column":4},"end":{"line":76,"column":5}},"loc":{"start":{"line":76,"column":23},"end":{"line":81,"column":5}},"line":76},"10":{"name":"(anonymous_10)","decl":{"start":{"line":82,"column":4},"end":{"line":82,"column":5}},"loc":{"start":{"line":82,"column":24},"end":{"line":87,"column":5}},"line":82},"11":{"name":"(anonymous_11)","decl":{"start":{"line":88,"column":4},"end":{"line":88,"column":5}},"loc":{"start":{"line":88,"column":24},"end":{"line":93,"column":5}},"line":88},"12":{"name":"(anonymous_12)","decl":{"start":{"line":94,"column":4},"end":{"line":94,"column":5}},"loc":{"start":{"line":94,"column":19},"end":{"line":99,"column":5}},"line":94},"13":{"name":"(anonymous_13)","decl":{"start":{"line":103,"column":4},"end":{"line":103,"column":5}},"loc":{"start":{"line":103,"column":24},"end":{"line":108,"column":5}},"line":103},"14":{"name":"(anonymous_14)","decl":{"start":{"line":109,"column":4},"end":{"line":109,"column":5}},"loc":{"start":{"line":109,"column":29},"end":{"line":114,"column":5}},"line":109},"15":{"name":"(anonymous_15)","decl":{"start":{"line":115,"column":4},"end":{"line":115,"column":5}},"loc":{"start":{"line":115,"column":35},"end":{"line":120,"column":5}},"line":115},"16":{"name":"(anonymous_16)","decl":{"start":{"line":121,"column":4},"end":{"line":121,"column":5}},"loc":{"start":{"line":121,"column":31},"end":{"line":126,"column":5}},"line":121},"17":{"name":"(anonymous_17)","decl":{"start":{"line":130,"column":4},"end":{"line":130,"column":5}},"loc":{"start":{"line":130,"column":24},"end":{"line":135,"column":5}},"line":130},"18":{"name":"(anonymous_1)","decl":{"start":{"line":7,"column":4},"end":{"line":7,"column":5}},"loc":{"start":{"line":7,"column":23},"end":{"line":26,"column":5}},"line":7},"19":{"name":"(anonymous_2)","decl":{"start":{"line":30,"column":4},"end":{"line":30,"column":5}},"loc":{"start":{"line":30,"column":30},"end":{"line":35,"column":5}},"line":30},"20":{"name":"(anonymous_3)","decl":{"start":{"line":36,"column":4},"end":{"line":36,"column":5}},"loc":{"start":{"line":36,"column":22},"end":{"line":41,"column":5}},"line":36},"21":{"name":"(anonymous_4)","decl":{"start":{"line":42,"column":4},"end":{"line":42,"column":5}},"loc":{"start":{"line":42,"column":21},"end":{"line":48,"column":5}},"line":42},"22":{"name":"(anonymous_5)","decl":{"start":{"line":49,"column":4},"end":{"line":49,"column":5}},"loc":{"start":{"line":49,"column":19},"end":{"line":55,"column":5}},"line":49},"23":{"name":"(anonymous_6)","decl":{"start":{"line":59,"column":4},"end":{"line":59,"column":5}},"loc":{"start":{"line":59,"column":22},"end":{"line":64,"column":5}},"line":59},"24":{"name":"(anonymous_7)","decl":{"start":{"line":65,"column":4},"end":{"line":65,"column":5}},"loc":{"start":{"line":65,"column":31},"end":{"line":70,"column":5}},"line":65},"25":{"name":"(anonymous_8)","decl":{"start":{"line":71,"column":4},"end":{"line":71,"column":5}},"loc":{"start":{"line":71,"column":33},"end":{"line":76,"column":5}},"line":71},"26":{"name":"(anonymous_9)","decl":{"start":{"line":77,"column":4},"end":{"line":77,"column":5}},"loc":{"start":{"line":77,"column":23},"end":{"line":82,"column":5}},"line":77},"27":{"name":"(anonymous_10)","decl":{"start":{"line":83,"column":4},"end":{"line":83,"column":5}},"loc":{"start":{"line":83,"column":24},"end":{"line":88,"column":5}},"line":83},"28":{"name":"(anonymous_11)","decl":{"start":{"line":89,"column":4},"end":{"line":89,"column":5}},"loc":{"start":{"line":89,"column":24},"end":{"line":94,"column":5}},"line":89},"29":{"name":"(anonymous_12)","decl":{"start":{"line":95,"column":4},"end":{"line":95,"column":5}},"loc":{"start":{"line":95,"column":19},"end":{"line":100,"column":5}},"line":95},"30":{"name":"(anonymous_13)","decl":{"start":{"line":104,"column":4},"end":{"line":104,"column":5}},"loc":{"start":{"line":104,"column":24},"end":{"line":109,"column":5}},"line":104},"31":{"name":"(anonymous_14)","decl":{"start":{"line":110,"column":4},"end":{"line":110,"column":5}},"loc":{"start":{"line":110,"column":29},"end":{"line":115,"column":5}},"line":110},"32":{"name":"(anonymous_15)","decl":{"start":{"line":116,"column":4},"end":{"line":116,"column":5}},"loc":{"start":{"line":116,"column":35},"end":{"line":121,"column":5}},"line":116},"33":{"name":"(anonymous_16)","decl":{"start":{"line":122,"column":4},"end":{"line":122,"column":5}},"loc":{"start":{"line":122,"column":31},"end":{"line":127,"column":5}},"line":122},"34":{"name":"(anonymous_17)","decl":{"start":{"line":131,"column":4},"end":{"line":131,"column":5}},"loc":{"start":{"line":131,"column":24},"end":{"line":136,"column":5}},"line":131}},"branchMap":{"0":{"loc":{"start":{"line":8,"column":8},"end":{"line":10,"column":9}},"type":"if","locations":[{"start":{"line":8,"column":8},"end":{"line":10,"column":9}},{"start":{},"end":{}}],"line":8},"1":{"loc":{"start":{"line":8,"column":12},"end":{"line":8,"column":49}},"type":"binary-expr","locations":[{"start":{"line":8,"column":12},"end":{"line":8,"column":26}},{"start":{"line":8,"column":30},"end":{"line":8,"column":49}}],"line":8},"2":{"loc":{"start":{"line":11,"column":8},"end":{"line":24,"column":9}},"type":"switch","locations":[{"start":{"line":12,"column":12},"end":{"line":13,"column":50}},{"start":{"line":14,"column":12},"end":{"line":15,"column":50}},{"start":{"line":16,"column":12},"end":{"line":21,"column":17}},{"start":{"line":22,"column":12},"end":{"line":23,"column":66}}],"line":11},"3":{"loc":{"start":{"line":17,"column":16},"end":{"line":21,"column":17}},"type":"if","locations":[{"start":{"line":17,"column":16},"end":{"line":21,"column":17}},{"start":{"line":19,"column":23},"end":{"line":21,"column":17}}],"line":17},"4":{"loc":{"start":{"line":30,"column":8},"end":{"line":32,"column":9}},"type":"if","locations":[{"start":{"line":30,"column":8},"end":{"line":32,"column":9}},{"start":{},"end":{}}],"line":30},"5":{"loc":{"start":{"line":30,"column":12},"end":{"line":30,"column":53}},"type":"binary-expr","locations":[{"start":{"line":30,"column":12},"end":{"line":30,"column":24}},{"start":{"line":30,"column":28},"end":{"line":30,"column":53}}],"line":30},"6":{"loc":{"start":{"line":31,"column":28},"end":{"line":31,"column":71}},"type":"binary-expr","locations":[{"start":{"line":31,"column":28},"end":{"line":31,"column":35}},{"start":{"line":31,"column":39},"end":{"line":31,"column":71}}],"line":31},"7":{"loc":{"start":{"line":36,"column":8},"end":{"line":38,"column":9}},"type":"if","locations":[{"start":{"line":36,"column":8},"end":{"line":38,"column":9}},{"start":{},"end":{}}],"line":36},"8":{"loc":{"start":{"line":37,"column":28},"end":{"line":37,"column":63}},"type":"binary-expr","locations":[{"start":{"line":37,"column":28},"end":{"line":37,"column":35}},{"start":{"line":37,"column":39},"end":{"line":37,"column":63}}],"line":37},"9":{"loc":{"start":{"line":43,"column":8},"end":{"line":45,"column":9}},"type":"if","locations":[{"start":{"line":43,"column":8},"end":{"line":45,"column":9}},{"start":{},"end":{}}],"line":43},"10":{"loc":{"start":{"line":44,"column":28},"end":{"line":44,"column":61}},"type":"binary-expr","locations":[{"start":{"line":44,"column":28},"end":{"line":44,"column":35}},{"start":{"line":44,"column":39},"end":{"line":44,"column":61}}],"line":44},"11":{"loc":{"start":{"line":50,"column":8},"end":{"line":52,"column":9}},"type":"if","locations":[{"start":{"line":50,"column":8},"end":{"line":52,"column":9}},{"start":{},"end":{}}],"line":50},"12":{"loc":{"start":{"line":51,"column":28},"end":{"line":51,"column":59}},"type":"binary-expr","locations":[{"start":{"line":51,"column":28},"end":{"line":51,"column":35}},{"start":{"line":51,"column":39},"end":{"line":51,"column":59}}],"line":51},"13":{"loc":{"start":{"line":59,"column":8},"end":{"line":61,"column":9}},"type":"if","locations":[{"start":{"line":59,"column":8},"end":{"line":61,"column":9}},{"start":{},"end":{}}],"line":59},"14":{"loc":{"start":{"line":59,"column":12},"end":{"line":59,"column":65}},"type":"binary-expr","locations":[{"start":{"line":59,"column":12},"end":{"line":59,"column":43}},{"start":{"line":59,"column":47},"end":{"line":59,"column":65}}],"line":59},"15":{"loc":{"start":{"line":60,"column":28},"end":{"line":60,"column":63}},"type":"binary-expr","locations":[{"start":{"line":60,"column":28},"end":{"line":60,"column":35}},{"start":{"line":60,"column":39},"end":{"line":60,"column":63}}],"line":60},"16":{"loc":{"start":{"line":65,"column":8},"end":{"line":67,"column":9}},"type":"if","locations":[{"start":{"line":65,"column":8},"end":{"line":67,"column":9}},{"start":{},"end":{}}],"line":65},"17":{"loc":{"start":{"line":66,"column":28},"end":{"line":66,"column":73}},"type":"binary-expr","locations":[{"start":{"line":66,"column":28},"end":{"line":66,"column":35}},{"start":{"line":66,"column":39},"end":{"line":66,"column":73}}],"line":66},"18":{"loc":{"start":{"line":71,"column":8},"end":{"line":73,"column":9}},"type":"if","locations":[{"start":{"line":71,"column":8},"end":{"line":73,"column":9}},{"start":{},"end":{}}],"line":71},"19":{"loc":{"start":{"line":71,"column":12},"end":{"line":71,"column":50}},"type":"binary-expr","locations":[{"start":{"line":71,"column":12},"end":{"line":71,"column":29}},{"start":{"line":71,"column":33},"end":{"line":71,"column":50}}],"line":71},"20":{"loc":{"start":{"line":72,"column":28},"end":{"line":72,"column":81}},"type":"binary-expr","locations":[{"start":{"line":72,"column":28},"end":{"line":72,"column":35}},{"start":{"line":72,"column":39},"end":{"line":72,"column":81}}],"line":72},"21":{"loc":{"start":{"line":77,"column":8},"end":{"line":79,"column":9}},"type":"if","locations":[{"start":{"line":77,"column":8},"end":{"line":79,"column":9}},{"start":{},"end":{}}],"line":77},"22":{"loc":{"start":{"line":78,"column":28},"end":{"line":78,"column":66}},"type":"binary-expr","locations":[{"start":{"line":78,"column":28},"end":{"line":78,"column":35}},{"start":{"line":78,"column":39},"end":{"line":78,"column":66}}],"line":78},"23":{"loc":{"start":{"line":83,"column":8},"end":{"line":85,"column":9}},"type":"if","locations":[{"start":{"line":83,"column":8},"end":{"line":85,"column":9}},{"start":{},"end":{}}],"line":83},"24":{"loc":{"start":{"line":84,"column":28},"end":{"line":84,"column":64}},"type":"binary-expr","locations":[{"start":{"line":84,"column":28},"end":{"line":84,"column":35}},{"start":{"line":84,"column":39},"end":{"line":84,"column":64}}],"line":84},"25":{"loc":{"start":{"line":89,"column":8},"end":{"line":91,"column":9}},"type":"if","locations":[{"start":{"line":89,"column":8},"end":{"line":91,"column":9}},{"start":{},"end":{}}],"line":89},"26":{"loc":{"start":{"line":90,"column":28},"end":{"line":90,"column":64}},"type":"binary-expr","locations":[{"start":{"line":90,"column":28},"end":{"line":90,"column":35}},{"start":{"line":90,"column":39},"end":{"line":90,"column":64}}],"line":90},"27":{"loc":{"start":{"line":95,"column":8},"end":{"line":97,"column":9}},"type":"if","locations":[{"start":{"line":95,"column":8},"end":{"line":97,"column":9}},{"start":{},"end":{}}],"line":95},"28":{"loc":{"start":{"line":96,"column":28},"end":{"line":96,"column":67}},"type":"binary-expr","locations":[{"start":{"line":96,"column":28},"end":{"line":96,"column":35}},{"start":{"line":96,"column":39},"end":{"line":96,"column":67}}],"line":96},"29":{"loc":{"start":{"line":104,"column":8},"end":{"line":106,"column":9}},"type":"if","locations":[{"start":{"line":104,"column":8},"end":{"line":106,"column":9}},{"start":{},"end":{}}],"line":104},"30":{"loc":{"start":{"line":105,"column":28},"end":{"line":105,"column":62}},"type":"binary-expr","locations":[{"start":{"line":105,"column":28},"end":{"line":105,"column":35}},{"start":{"line":105,"column":39},"end":{"line":105,"column":62}}],"line":105},"31":{"loc":{"start":{"line":110,"column":8},"end":{"line":112,"column":9}},"type":"if","locations":[{"start":{"line":110,"column":8},"end":{"line":112,"column":9}},{"start":{},"end":{}}],"line":110},"32":{"loc":{"start":{"line":111,"column":28},"end":{"line":111,"column":68}},"type":"binary-expr","locations":[{"start":{"line":111,"column":28},"end":{"line":111,"column":35}},{"start":{"line":111,"column":39},"end":{"line":111,"column":68}}],"line":111},"33":{"loc":{"start":{"line":116,"column":8},"end":{"line":118,"column":9}},"type":"if","locations":[{"start":{"line":116,"column":8},"end":{"line":118,"column":9}},{"start":{},"end":{}}],"line":116},"34":{"loc":{"start":{"line":117,"column":28},"end":{"line":117,"column":72}},"type":"binary-expr","locations":[{"start":{"line":117,"column":28},"end":{"line":117,"column":35}},{"start":{"line":117,"column":39},"end":{"line":117,"column":72}}],"line":117},"35":{"loc":{"start":{"line":122,"column":8},"end":{"line":124,"column":9}},"type":"if","locations":[{"start":{"line":122,"column":8},"end":{"line":124,"column":9}},{"start":{},"end":{}}],"line":122},"36":{"loc":{"start":{"line":123,"column":28},"end":{"line":123,"column":73}},"type":"binary-expr","locations":[{"start":{"line":123,"column":28},"end":{"line":123,"column":35}},{"start":{"line":123,"column":39},"end":{"line":123,"column":73}}],"line":123},"37":{"loc":{"start":{"line":131,"column":8},"end":{"line":133,"column":9}},"type":"if","locations":[{"start":{"line":131,"column":8},"end":{"line":133,"column":9}},{"start":{},"end":{}}],"line":131},"38":{"loc":{"start":{"line":132,"column":28},"end":{"line":132,"column":63}},"type":"binary-expr","locations":[{"start":{"line":132,"column":28},"end":{"line":132,"column":35}},{"start":{"line":132,"column":39},"end":{"line":132,"column":63}}],"line":132},"39":{"loc":{"start":{"line":12,"column":8},"end":{"line":25,"column":9}},"type":"switch","locations":[{"start":{"line":13,"column":12},"end":{"line":14,"column":50}},{"start":{"line":15,"column":12},"end":{"line":16,"column":50}},{"start":{"line":17,"column":12},"end":{"line":22,"column":17}},{"start":{"line":23,"column":12},"end":{"line":24,"column":66}}],"line":12},"40":{"loc":{"start":{"line":18,"column":16},"end":{"line":22,"column":17}},"type":"if","locations":[{"start":{"line":18,"column":16},"end":{"line":22,"column":17}},{"start":{"line":20,"column":23},"end":{"line":22,"column":17}}],"line":18},"41":{"loc":{"start":{"line":31,"column":8},"end":{"line":33,"column":9}},"type":"if","locations":[{"start":{"line":31,"column":8},"end":{"line":33,"column":9}},{"start":{},"end":{}}],"line":31},"42":{"loc":{"start":{"line":31,"column":12},"end":{"line":31,"column":53}},"type":"binary-expr","locations":[{"start":{"line":31,"column":12},"end":{"line":31,"column":24}},{"start":{"line":31,"column":28},"end":{"line":31,"column":53}}],"line":31},"43":{"loc":{"start":{"line":32,"column":28},"end":{"line":32,"column":71}},"type":"binary-expr","locations":[{"start":{"line":32,"column":28},"end":{"line":32,"column":35}},{"start":{"line":32,"column":39},"end":{"line":32,"column":71}}],"line":32},"44":{"loc":{"start":{"line":37,"column":8},"end":{"line":39,"column":9}},"type":"if","locations":[{"start":{"line":37,"column":8},"end":{"line":39,"column":9}},{"start":{},"end":{}}],"line":37},"45":{"loc":{"start":{"line":38,"column":28},"end":{"line":38,"column":63}},"type":"binary-expr","locations":[{"start":{"line":38,"column":28},"end":{"line":38,"column":35}},{"start":{"line":38,"column":39},"end":{"line":38,"column":63}}],"line":38},"46":{"loc":{"start":{"line":44,"column":8},"end":{"line":46,"column":9}},"type":"if","locations":[{"start":{"line":44,"column":8},"end":{"line":46,"column":9}},{"start":{},"end":{}}],"line":44},"47":{"loc":{"start":{"line":45,"column":28},"end":{"line":45,"column":61}},"type":"binary-expr","locations":[{"start":{"line":45,"column":28},"end":{"line":45,"column":35}},{"start":{"line":45,"column":39},"end":{"line":45,"column":61}}],"line":45},"48":{"loc":{"start":{"line":51,"column":8},"end":{"line":53,"column":9}},"type":"if","locations":[{"start":{"line":51,"column":8},"end":{"line":53,"column":9}},{"start":{},"end":{}}],"line":51},"49":{"loc":{"start":{"line":52,"column":28},"end":{"line":52,"column":59}},"type":"binary-expr","locations":[{"start":{"line":52,"column":28},"end":{"line":52,"column":35}},{"start":{"line":52,"column":39},"end":{"line":52,"column":59}}],"line":52},"50":{"loc":{"start":{"line":60,"column":8},"end":{"line":62,"column":9}},"type":"if","locations":[{"start":{"line":60,"column":8},"end":{"line":62,"column":9}},{"start":{},"end":{}}],"line":60},"51":{"loc":{"start":{"line":60,"column":12},"end":{"line":60,"column":65}},"type":"binary-expr","locations":[{"start":{"line":60,"column":12},"end":{"line":60,"column":43}},{"start":{"line":60,"column":47},"end":{"line":60,"column":65}}],"line":60},"52":{"loc":{"start":{"line":61,"column":28},"end":{"line":61,"column":63}},"type":"binary-expr","locations":[{"start":{"line":61,"column":28},"end":{"line":61,"column":35}},{"start":{"line":61,"column":39},"end":{"line":61,"column":63}}],"line":61},"53":{"loc":{"start":{"line":66,"column":8},"end":{"line":68,"column":9}},"type":"if","locations":[{"start":{"line":66,"column":8},"end":{"line":68,"column":9}},{"start":{},"end":{}}],"line":66},"54":{"loc":{"start":{"line":67,"column":28},"end":{"line":67,"column":73}},"type":"binary-expr","locations":[{"start":{"line":67,"column":28},"end":{"line":67,"column":35}},{"start":{"line":67,"column":39},"end":{"line":67,"column":73}}],"line":67},"55":{"loc":{"start":{"line":72,"column":8},"end":{"line":74,"column":9}},"type":"if","locations":[{"start":{"line":72,"column":8},"end":{"line":74,"column":9}},{"start":{},"end":{}}],"line":72},"56":{"loc":{"start":{"line":72,"column":12},"end":{"line":72,"column":50}},"type":"binary-expr","locations":[{"start":{"line":72,"column":12},"end":{"line":72,"column":29}},{"start":{"line":72,"column":33},"end":{"line":72,"column":50}}],"line":72},"57":{"loc":{"start":{"line":73,"column":28},"end":{"line":73,"column":81}},"type":"binary-expr","locations":[{"start":{"line":73,"column":28},"end":{"line":73,"column":35}},{"start":{"line":73,"column":39},"end":{"line":73,"column":81}}],"line":73},"58":{"loc":{"start":{"line":78,"column":8},"end":{"line":80,"column":9}},"type":"if","locations":[{"start":{"line":78,"column":8},"end":{"line":80,"column":9}},{"start":{},"end":{}}],"line":78},"59":{"loc":{"start":{"line":79,"column":28},"end":{"line":79,"column":66}},"type":"binary-expr","locations":[{"start":{"line":79,"column":28},"end":{"line":79,"column":35}},{"start":{"line":79,"column":39},"end":{"line":79,"column":66}}],"line":79},"60":{"loc":{"start":{"line":84,"column":8},"end":{"line":86,"column":9}},"type":"if","locations":[{"start":{"line":84,"column":8},"end":{"line":86,"column":9}},{"start":{},"end":{}}],"line":84},"61":{"loc":{"start":{"line":85,"column":28},"end":{"line":85,"column":64}},"type":"binary-expr","locations":[{"start":{"line":85,"column":28},"end":{"line":85,"column":35}},{"start":{"line":85,"column":39},"end":{"line":85,"column":64}}],"line":85},"62":{"loc":{"start":{"line":90,"column":8},"end":{"line":92,"column":9}},"type":"if","locations":[{"start":{"line":90,"column":8},"end":{"line":92,"column":9}},{"start":{},"end":{}}],"line":90},"63":{"loc":{"start":{"line":91,"column":28},"end":{"line":91,"column":64}},"type":"binary-expr","locations":[{"start":{"line":91,"column":28},"end":{"line":91,"column":35}},{"start":{"line":91,"column":39},"end":{"line":91,"column":64}}],"line":91},"64":{"loc":{"start":{"line":96,"column":8},"end":{"line":98,"column":9}},"type":"if","locations":[{"start":{"line":96,"column":8},"end":{"line":98,"column":9}},{"start":{},"end":{}}],"line":96},"65":{"loc":{"start":{"line":97,"column":28},"end":{"line":97,"column":67}},"type":"binary-expr","locations":[{"start":{"line":97,"column":28},"end":{"line":97,"column":35}},{"start":{"line":97,"column":39},"end":{"line":97,"column":67}}],"line":97},"66":{"loc":{"start":{"line":105,"column":8},"end":{"line":107,"column":9}},"type":"if","locations":[{"start":{"line":105,"column":8},"end":{"line":107,"column":9}},{"start":{},"end":{}}],"line":105},"67":{"loc":{"start":{"line":106,"column":28},"end":{"line":106,"column":62}},"type":"binary-expr","locations":[{"start":{"line":106,"column":28},"end":{"line":106,"column":35}},{"start":{"line":106,"column":39},"end":{"line":106,"column":62}}],"line":106},"68":{"loc":{"start":{"line":111,"column":8},"end":{"line":113,"column":9}},"type":"if","locations":[{"start":{"line":111,"column":8},"end":{"line":113,"column":9}},{"start":{},"end":{}}],"line":111},"69":{"loc":{"start":{"line":112,"column":28},"end":{"line":112,"column":68}},"type":"binary-expr","locations":[{"start":{"line":112,"column":28},"end":{"line":112,"column":35}},{"start":{"line":112,"column":39},"end":{"line":112,"column":68}}],"line":112},"70":{"loc":{"start":{"line":117,"column":8},"end":{"line":119,"column":9}},"type":"if","locations":[{"start":{"line":117,"column":8},"end":{"line":119,"column":9}},{"start":{},"end":{}}],"line":117},"71":{"loc":{"start":{"line":118,"column":28},"end":{"line":118,"column":72}},"type":"binary-expr","locations":[{"start":{"line":118,"column":28},"end":{"line":118,"column":35}},{"start":{"line":118,"column":39},"end":{"line":118,"column":72}}],"line":118},"72":{"loc":{"start":{"line":123,"column":8},"end":{"line":125,"column":9}},"type":"if","locations":[{"start":{"line":123,"column":8},"end":{"line":125,"column":9}},{"start":{},"end":{}}],"line":123},"73":{"loc":{"start":{"line":124,"column":28},"end":{"line":124,"column":73}},"type":"binary-expr","locations":[{"start":{"line":124,"column":28},"end":{"line":124,"column":35}},{"start":{"line":124,"column":39},"end":{"line":124,"column":73}}],"line":124},"74":{"loc":{"start":{"line":132,"column":8},"end":{"line":134,"column":9}},"type":"if","locations":[{"start":{"line":132,"column":8},"end":{"line":134,"column":9}},{"start":{},"end":{}}],"line":132},"75":{"loc":{"start":{"line":133,"column":28},"end":{"line":133,"column":63}},"type":"binary-expr","locations":[{"start":{"line":133,"column":28},"end":{"line":133,"column":35}},{"start":{"line":133,"column":39},"end":{"line":133,"column":63}}],"line":133}},"s":{"0":96,"1":99,"2":2,"3":35,"4":70,"5":78,"6":72,"7":8,"8":2,"9":63,"10":3,"11":49,"12":1,"13":1,"14":45,"15":1,"16":2,"17":2,"18":1,"19":1,"20":2,"21":2,"22":1,"23":1,"24":2,"25":16,"26":1,"27":3,"28":2,"29":1,"30":3,"31":17,"32":1,"33":2,"34":1,"35":1,"36":2,"37":1,"38":1,"39":2,"40":1,"41":1,"42":2,"43":1,"44":1,"45":2,"46":1,"47":1,"48":2,"49":1,"50":1,"51":2,"52":1,"53":1,"54":2,"55":1,"56":1,"57":2,"58":1,"59":1,"60":62,"61":82,"62":50,"63":35,"64":10,"65":35,"66":0,"67":47,"68":2,"69":45,"70":45,"71":0,"72":45,"73":2,"74":0,"75":0,"76":0,"77":2,"78":0,"79":0,"80":0,"81":15,"82":0,"83":15,"84":0,"85":0,"86":0,"87":15,"88":2,"89":13,"90":0,"91":0,"92":0,"93":0,"94":0,"95":0,"96":0,"97":0,"98":0,"99":0,"100":0,"101":0,"102":0,"103":0,"104":0,"105":0,"106":0,"107":0,"108":0,"109":0,"110":0,"111":0,"112":0,"113":0,"114":0,"115":0,"116":0},"f":{"0":96,"1":99,"2":3,"3":1,"4":2,"5":2,"6":2,"7":3,"8":3,"9":2,"10":2,"11":2,"12":2,"13":2,"14":2,"15":2,"16":2,"17":2,"18":62,"19":47,"20":45,"21":0,"22":0,"23":15,"24":0,"25":15,"26":0,"27":0,"28":0,"29":0,"30":0,"31":0,"32":0,"33":0,"34":0},"b":{"0":[2,97],"1":[99,98],"2":[8,16,10,1],"3":[55,17],"4":[2,1],"5":[3,2],"6":[4,46],"7":[0,1],"8":[0,45],"9":[1,1],"10":[1,0],"11":[1,1],"12":[1,0],"13":[1,1],"14":[2,2],"15":[16,15],"16":[2,1],"17":[2,1],"18":[2,1],"19":[3,2],"20":[4,14],"21":[1,1],"22":[1,0],"23":[1,1],"24":[1,0],"25":[1,1],"26":[1,0],"27":[1,1],"28":[1,0],"29":[1,1],"30":[1,0],"31":[1,1],"32":[1,0],"33":[1,1],"34":[1,0],"35":[1,1],"36":[1,0],"37":[1,1],"38":[1,0],"39":[47,15,0,0],"40":[8,16],"41":[2,45],"42":[49,46],"43":[2,0],"44":[0,45],"45":[0,0],"46":[0,0],"47":[0,0],"48":[0,0],"49":[0,0],"50":[0,15],"51":[16,16],"52":[0,0],"53":[0,0],"54":[0,0],"55":[2,13],"56":[17,16],"57":[2,0],"58":[0,0],"59":[0,0],"60":[0,0],"61":[0,0],"62":[0,0],"63":[0,0],"64":[0,0],"65":[0,0],"66":[0,0],"67":[0,0],"68":[0,0],"69":[0,0],"70":[0,0],"71":[0,0],"72":[0,0],"73":[0,0],"74":[0,0],"75":[0,0]},"_coverageSchema":"1a1c01bbd47fc00a2c39e90264f33305004495a9","hash":"0ea17fb669b412a3a07d08b400312b0ca9b217dd"}
,"C:\\Apps\\malonejv\\cursos\\curso-fernando-herrera-react\\src\\section-08\\GifApp\\src\\common\\UrlFormatter.js": {"path":"C:\\Apps\\malonejv\\cursos\\curso-fernando-herrera-react\\src\\section-08\\GifApp\\src\\common\\UrlFormatter.js","statementMap":{"0":{"start":{"line":5,"column":8},"end":{"line":7,"column":59}},"1":{"start":{"line":9,"column":8},"end":{"line":9,"column":23}},"2":{"start":{"line":13,"column":8},"end":{"line":13,"column":24}},"3":{"start":{"line":17,"column":8},"end":{"line":19,"column":63}},"4":{"start":{"line":21,"column":26},"end":{"line":21,"column":60}},"5":{"start":{"line":22,"column":8},"end":{"line":22,"column":72}},"6":{"start":{"line":23,"column":8},"end":{"line":23,"column":20}},"7":{"start":{"line":27,"column":8},"end":{"line":29,"column":60}},"8":{"start":{"line":31,"column":8},"end":{"line":33,"column":9}},"9":{"start":{"line":32,"column":12},"end":{"line":32,"column":68}},"10":{"start":{"line":34,"column":26},"end":{"line":34,"column":60}},"11":{"start":{"line":35,"column":8},"end":{"line":35,"column":91}},"12":{"start":{"line":36,"column":8},"end":{"line":36,"column":20}},"13":{"start":{"line":40,"column":8},"end":{"line":42,"column":63}},"14":{"start":{"line":44,"column":8},"end":{"line":44,"column":54}},"15":{"start":{"line":45,"column":8},"end":{"line":45,"column":20}}},"fnMap":{"0":{"name":"(anonymous_0)","decl":{"start":{"line":4,"column":4},"end":{"line":4,"column":5}},"loc":{"start":{"line":4,"column":21},"end":{"line":10,"column":5}},"line":4},"1":{"name":"(anonymous_1)","decl":{"start":{"line":12,"column":4},"end":{"line":12,"column":5}},"loc":{"start":{"line":12,"column":13},"end":{"line":14,"column":5}},"line":12},"2":{"name":"(anonymous_2)","decl":{"start":{"line":16,"column":4},"end":{"line":16,"column":5}},"loc":{"start":{"line":16,"column":22},"end":{"line":24,"column":5}},"line":16},"3":{"name":"(anonymous_3)","decl":{"start":{"line":26,"column":4},"end":{"line":26,"column":5}},"loc":{"start":{"line":26,"column":30},"end":{"line":37,"column":5}},"line":26},"4":{"name":"(anonymous_4)","decl":{"start":{"line":39,"column":4},"end":{"line":39,"column":5}},"loc":{"start":{"line":39,"column":24},"end":{"line":46,"column":5}},"line":39}},"branchMap":{"0":{"loc":{"start":{"line":21,"column":26},"end":{"line":21,"column":60}},"type":"cond-expr","locations":[{"start":{"line":21,"column":51},"end":{"line":21,"column":54}},{"start":{"line":21,"column":57},"end":{"line":21,"column":60}}],"line":21},"1":{"loc":{"start":{"line":31,"column":8},"end":{"line":33,"column":9}},"type":"if","locations":[{"start":{"line":31,"column":8},"end":{"line":33,"column":9}},{"start":{},"end":{}}],"line":31},"2":{"loc":{"start":{"line":31,"column":12},"end":{"line":31,"column":49}},"type":"binary-expr","locations":[{"start":{"line":31,"column":12},"end":{"line":31,"column":31}},{"start":{"line":31,"column":35},"end":{"line":31,"column":49}}],"line":31},"3":{"loc":{"start":{"line":34,"column":26},"end":{"line":34,"column":60}},"type":"cond-expr","locations":[{"start":{"line":34,"column":51},"end":{"line":34,"column":54}},{"start":{"line":34,"column":57},"end":{"line":34,"column":60}}],"line":34}},"s":{"0":6,"1":6,"2":6,"3":6,"4":6,"5":6,"6":6,"7":12,"8":12,"9":0,"10":12,"11":12,"12":12,"13":6,"14":6,"15":6},"f":{"0":6,"1":6,"2":6,"3":12,"4":6},"b":{"0":[6,0],"1":[0,12],"2":[12,12],"3":[6,6]},"_coverageSchema":"1a1c01bbd47fc00a2c39e90264f33305004495a9","hash":"c4a9d565672239363c9bba12e813705759dae0fb"}
,"C:\\Apps\\malonejv\\cursos\\curso-fernando-herrera-react\\src\\section-08\\GifApp\\src\\components\\GridItem\\GridItem.jsx": {"path":"C:\\Apps\\malonejv\\cursos\\curso-fernando-herrera-react\\src\\section-08\\GifApp\\src\\components\\GridItem\\GridItem.jsx","statementMap":{"0":{"start":{"line":4,"column":24},"end":{"line":11,"column":1}},"1":{"start":{"line":5,"column":2},"end":{"line":10,"column":3}},"2":{"start":{"line":13,"column":0},"end":{"line":18,"column":1}}},"fnMap":{"0":{"name":"(anonymous_0)","decl":{"start":{"line":4,"column":24},"end":{"line":4,"column":25}},"loc":{"start":{"line":4,"column":37},"end":{"line":11,"column":1}},"line":4}},"branchMap":{},"s":{"0":1,"1":5,"2":1},"f":{"0":5},"b":{},"_coverageSchema":"1a1c01bbd47fc00a2c39e90264f33305004495a9","hash":"cbdeff6b9432954113319cbf9564047cd1514bd3"}
,"C:\\Apps\\malonejv\\cursos\\curso-fernando-herrera-react\\src\\section-08\\GifApp\\src\\services\\GiphyService.js": {"path":"C:\\Apps\\malonejv\\cursos\\curso-fernando-herrera-react\\src\\section-08\\GifApp\\src\\services\\GiphyService.js","statementMap":{"0":{"start":{"line":7,"column":8},"end":{"line":7,"column":51}},"1":{"start":{"line":11,"column":26},"end":{"line":11,"column":52}},"2":{"start":{"line":12,"column":8},"end":{"line":29,"column":15}},"3":{"start":{"line":21,"column":16},"end":{"line":25,"column":17}},"4":{"start":{"line":22,"column":20},"end":{"line":22,"column":38}},"5":{"start":{"line":24,"column":20},"end":{"line":24,"column":80}},"6":{"start":{"line":28,"column":16},"end":{"line":28,"column":65}},"7":{"start":{"line":33,"column":23},"end":{"line":33,"column":38}},"8":{"start":{"line":34,"column":8},"end":{"line":36,"column":68}},"9":{"start":{"line":37,"column":8},"end":{"line":39,"column":68}},"10":{"start":{"line":41,"column":26},"end":{"line":41,"column":52}},"11":{"start":{"line":42,"column":8},"end":{"line":60,"column":15}},"12":{"start":{"line":52,"column":16},"end":{"line":56,"column":17}},"13":{"start":{"line":53,"column":20},"end":{"line":53,"column":38}},"14":{"start":{"line":55,"column":20},"end":{"line":55,"column":74}},"15":{"start":{"line":59,"column":16},"end":{"line":59,"column":59}},"16":{"start":{"line":65,"column":23},"end":{"line":65,"column":38}},"17":{"start":{"line":66,"column":8},"end":{"line":68,"column":68}},"18":{"start":{"line":69,"column":8},"end":{"line":71,"column":68}},"19":{"start":{"line":73,"column":8},"end":{"line":105,"column":9}},"20":{"start":{"line":74,"column":23},"end":{"line":76,"column":13}},"21":{"start":{"line":78,"column":12},"end":{"line":93,"column":13}},"22":{"start":{"line":79,"column":16},"end":{"line":90,"column":17}},"23":{"start":{"line":79,"column":29},"end":{"line":79,"column":30}},"24":{"start":{"line":80,"column":37},"end":{"line":80,"column":56}},"25":{"start":{"line":81,"column":20},"end":{"line":89,"column":23}},"26":{"start":{"line":92,"column":16},"end":{"line":92,"column":54}},"27":{"start":{"line":95,"column":12},"end":{"line":101,"column":21}},"28":{"start":{"line":96,"column":16},"end":{"line":100,"column":18}},"29":{"start":{"line":103,"column":12},"end":{"line":103,"column":41}},"30":{"start":{"line":104,"column":12},"end":{"line":104,"column":22}}},"fnMap":{"0":{"name":"(anonymous_0)","decl":{"start":{"line":6,"column":4},"end":{"line":6,"column":5}},"loc":{"start":{"line":6,"column":18},"end":{"line":8,"column":5}},"line":6},"1":{"name":"(anonymous_1)","decl":{"start":{"line":10,"column":4},"end":{"line":10,"column":5}},"loc":{"start":{"line":10,"column":13},"end":{"line":30,"column":5}},"line":10},"2":{"name":"(anonymous_2)","decl":{"start":{"line":20,"column":18},"end":{"line":20,"column":19}},"loc":{"start":{"line":20,"column":25},"end":{"line":26,"column":13}},"line":20},"3":{"name":"(anonymous_3)","decl":{"start":{"line":27,"column":19},"end":{"line":27,"column":20}},"loc":{"start":{"line":27,"column":34},"end":{"line":29,"column":13}},"line":27},"4":{"name":"(anonymous_4)","decl":{"start":{"line":32,"column":4},"end":{"line":32,"column":5}},"loc":{"start":{"line":32,"column":31},"end":{"line":61,"column":5}},"line":32},"5":{"name":"(anonymous_5)","decl":{"start":{"line":51,"column":18},"end":{"line":51,"column":19}},"loc":{"start":{"line":51,"column":25},"end":{"line":57,"column":13}},"line":51},"6":{"name":"(anonymous_6)","decl":{"start":{"line":58,"column":19},"end":{"line":58,"column":20}},"loc":{"start":{"line":58,"column":34},"end":{"line":60,"column":13}},"line":58},"7":{"name":"(anonymous_7)","decl":{"start":{"line":64,"column":4},"end":{"line":64,"column":5}},"loc":{"start":{"line":64,"column":42},"end":{"line":106,"column":5}},"line":64},"8":{"name":"(anonymous_8)","decl":{"start":{"line":95,"column":33},"end":{"line":95,"column":34}},"loc":{"start":{"line":95,"column":40},"end":{"line":101,"column":13}},"line":95}},"branchMap":{"0":{"loc":{"start":{"line":21,"column":16},"end":{"line":25,"column":17}},"type":"if","locations":[{"start":{"line":21,"column":16},"end":{"line":25,"column":17}},{"start":{"line":23,"column":23},"end":{"line":25,"column":17}}],"line":21},"1":{"loc":{"start":{"line":32,"column":19},"end":{"line":32,"column":29}},"type":"default-arg","locations":[{"start":{"line":32,"column":27},"end":{"line":32,"column":29}}],"line":32},"2":{"loc":{"start":{"line":52,"column":16},"end":{"line":56,"column":17}},"type":"if","locations":[{"start":{"line":52,"column":16},"end":{"line":56,"column":17}},{"start":{"line":54,"column":23},"end":{"line":56,"column":17}}],"line":52},"3":{"loc":{"start":{"line":64,"column":30},"end":{"line":64,"column":40}},"type":"default-arg","locations":[{"start":{"line":64,"column":38},"end":{"line":64,"column":40}}],"line":64},"4":{"loc":{"start":{"line":78,"column":12},"end":{"line":93,"column":13}},"type":"if","locations":[{"start":{"line":78,"column":12},"end":{"line":93,"column":13}},{"start":{"line":91,"column":19},"end":{"line":93,"column":13}}],"line":78},"5":{"loc":{"start":{"line":95,"column":19},"end":{"line":101,"column":20}},"type":"binary-expr","locations":[{"start":{"line":95,"column":19},"end":{"line":101,"column":14}},{"start":{"line":101,"column":18},"end":{"line":101,"column":20}}],"line":95}},"s":{"0":11,"1":0,"2":0,"3":0,"4":0,"5":0,"6":0,"7":6,"8":6,"9":6,"10":6,"11":6,"12":6,"13":5,"14":1,"15":1,"16":11,"17":11,"18":9,"19":7,"20":7,"21":7,"22":1,"23":1,"24":1,"25":1,"26":6,"27":7,"28":5,"29":1,"30":1},"f":{"0":11,"1":0,"2":0,"3":0,"4":6,"5":6,"6":1,"7":11,"8":5},"b":{"0":[0,0],"1":[0],"2":[5,1],"3":[4],"4":[1,6],"5":[7,0]},"_coverageSchema":"1a1c01bbd47fc00a2c39e90264f33305004495a9","hash":"571e7b025c245bddf5a4f479dcfdecf5016bf25a"}
}
