TN:
SF:src\common\Assertion.js
FN:3,(anonymous_0)
FN:7,(anonymous_1)
FN:29,(anonymous_2)
FN:35,(anonymous_3)
FN:41,(anonymous_4)
FN:48,(anonymous_5)
FN:58,(anonymous_6)
FN:64,(anonymous_7)
FN:70,(anonymous_8)
FN:76,(anonymous_9)
FN:82,(anonymous_10)
FN:88,(anonymous_11)
FN:94,(anonymous_12)
FN:103,(anonymous_13)
FN:109,(anonymous_14)
FN:115,(anonymous_15)
FN:121,(anonymous_16)
FN:130,(anonymous_17)
FN:7,(anonymous_1)
FN:30,(anonymous_2)
FN:36,(anonymous_3)
FN:42,(anonymous_4)
FN:49,(anonymous_5)
FN:59,(anonymous_6)
FN:65,(anonymous_7)
FN:71,(anonymous_8)
FN:77,(anonymous_9)
FN:83,(anonymous_10)
FN:89,(anonymous_11)
FN:95,(anonymous_12)
FN:104,(anonymous_13)
FN:110,(anonymous_14)
FN:116,(anonymous_15)
FN:122,(anonymous_16)
FN:131,(anonymous_17)
FNF:35
FNH:23
FNDA:96,(anonymous_0)
FNDA:99,(anonymous_1)
FNDA:3,(anonymous_2)
FNDA:1,(anonymous_3)
FNDA:2,(anonymous_4)
FNDA:2,(anonymous_5)
FNDA:2,(anonymous_6)
FNDA:3,(anonymous_7)
FNDA:3,(anonymous_8)
FNDA:2,(anonymous_9)
FNDA:2,(anonymous_10)
FNDA:2,(anonymous_11)
FNDA:2,(anonymous_12)
FNDA:2,(anonymous_13)
FNDA:2,(anonymous_14)
FNDA:2,(anonymous_15)
FNDA:2,(anonymous_16)
FNDA:2,(anonymous_17)
FNDA:62,(anonymous_1)
FNDA:47,(anonymous_2)
FNDA:45,(anonymous_3)
FNDA:0,(anonymous_4)
FNDA:0,(anonymous_5)
FNDA:15,(anonymous_6)
FNDA:0,(anonymous_7)
FNDA:15,(anonymous_8)
FNDA:0,(anonymous_9)
FNDA:0,(anonymous_10)
FNDA:0,(anonymous_11)
FNDA:0,(anonymous_12)
FNDA:0,(anonymous_13)
FNDA:0,(anonymous_14)
FNDA:0,(anonymous_15)
FNDA:0,(anonymous_16)
FNDA:0,(anonymous_17)
DA:4,96
DA:8,99
DA:9,2
DA:11,35
DA:12,62
DA:13,70
DA:14,82
DA:15,78
DA:16,50
DA:17,72
DA:18,35
DA:19,10
DA:20,2
DA:21,35
DA:23,63
DA:24,0
DA:30,3
DA:31,49
DA:32,2
DA:33,1
DA:34,45
DA:36,1
DA:37,45
DA:38,0
DA:39,1
DA:40,45
DA:42,2
DA:43,2
DA:44,1
DA:45,0
DA:46,1
DA:47,0
DA:49,2
DA:50,2
DA:51,1
DA:52,0
DA:53,1
DA:54,0
DA:59,2
DA:60,16
DA:61,0
DA:62,1
DA:63,15
DA:65,3
DA:66,2
DA:67,0
DA:68,1
DA:69,0
DA:71,3
DA:72,17
DA:73,2
DA:74,1
DA:75,13
DA:77,2
DA:78,1
DA:79,0
DA:80,1
DA:81,0
DA:83,2
DA:84,1
DA:85,0
DA:86,1
DA:87,0
DA:89,2
DA:90,1
DA:91,0
DA:92,1
DA:93,0
DA:95,2
DA:96,1
DA:97,0
DA:98,1
DA:99,0
DA:104,2
DA:105,1
DA:106,0
DA:107,1
DA:108,0
DA:110,2
DA:111,1
DA:112,0
DA:113,1
DA:114,0
DA:116,2
DA:117,1
DA:118,0
DA:119,1
DA:120,0
DA:122,2
DA:123,1
DA:124,0
DA:125,1
DA:126,0
DA:131,2
DA:132,1
DA:133,0
DA:134,1
DA:135,0
LF:98
LH:71
BRDA:8,0,0,2
BRDA:8,0,1,97
BRDA:8,1,0,99
BRDA:8,1,1,98
BRDA:11,2,0,8
BRDA:11,2,1,16
BRDA:11,2,2,10
BRDA:11,2,3,1
BRDA:17,3,0,55
BRDA:17,3,1,17
BRDA:30,4,0,2
BRDA:30,4,1,1
BRDA:30,5,0,3
BRDA:30,5,1,2
BRDA:31,6,0,4
BRDA:31,6,1,46
BRDA:36,7,0,0
BRDA:36,7,1,1
BRDA:37,8,0,0
BRDA:37,8,1,45
BRDA:43,9,0,1
BRDA:43,9,1,1
BRDA:44,10,0,1
BRDA:44,10,1,0
BRDA:50,11,0,1
BRDA:50,11,1,1
BRDA:51,12,0,1
BRDA:51,12,1,0
BRDA:59,13,0,1
BRDA:59,13,1,1
BRDA:59,14,0,2
BRDA:59,14,1,2
BRDA:60,15,0,16
BRDA:60,15,1,15
BRDA:65,16,0,2
BRDA:65,16,1,1
BRDA:66,17,0,2
BRDA:66,17,1,1
BRDA:71,18,0,2
BRDA:71,18,1,1
BRDA:71,19,0,3
BRDA:71,19,1,2
BRDA:72,20,0,4
BRDA:72,20,1,14
BRDA:77,21,0,1
BRDA:77,21,1,1
BRDA:78,22,0,1
BRDA:78,22,1,0
BRDA:83,23,0,1
BRDA:83,23,1,1
BRDA:84,24,0,1
BRDA:84,24,1,0
BRDA:89,25,0,1
BRDA:89,25,1,1
BRDA:90,26,0,1
BRDA:90,26,1,0
BRDA:95,27,0,1
BRDA:95,27,1,1
BRDA:96,28,0,1
BRDA:96,28,1,0
BRDA:104,29,0,1
BRDA:104,29,1,1
BRDA:105,30,0,1
BRDA:105,30,1,0
BRDA:110,31,0,1
BRDA:110,31,1,1
BRDA:111,32,0,1
BRDA:111,32,1,0
BRDA:116,33,0,1
BRDA:116,33,1,1
BRDA:117,34,0,1
BRDA:117,34,1,0
BRDA:122,35,0,1
BRDA:122,35,1,1
BRDA:123,36,0,1
BRDA:123,36,1,0
BRDA:131,37,0,1
BRDA:131,37,1,1
BRDA:132,38,0,1
BRDA:132,38,1,0
BRDA:12,39,0,47
BRDA:12,39,1,15
BRDA:12,39,2,0
BRDA:12,39,3,0
BRDA:18,40,0,8
BRDA:18,40,1,16
BRDA:31,41,0,2
BRDA:31,41,1,45
BRDA:31,42,0,49
BRDA:31,42,1,46
BRDA:32,43,0,2
BRDA:32,43,1,0
BRDA:37,44,0,0
BRDA:37,44,1,45
BRDA:38,45,0,0
BRDA:38,45,1,0
BRDA:44,46,0,0
BRDA:44,46,1,0
BRDA:45,47,0,0
BRDA:45,47,1,0
BRDA:51,48,0,0
BRDA:51,48,1,0
BRDA:52,49,0,0
BRDA:52,49,1,0
BRDA:60,50,0,0
BRDA:60,50,1,15
BRDA:60,51,0,16
BRDA:60,51,1,16
BRDA:61,52,0,0
BRDA:61,52,1,0
BRDA:66,53,0,0
BRDA:66,53,1,0
BRDA:67,54,0,0
BRDA:67,54,1,0
BRDA:72,55,0,2
BRDA:72,55,1,13
BRDA:72,56,0,17
BRDA:72,56,1,16
BRDA:73,57,0,2
BRDA:73,57,1,0
BRDA:78,58,0,0
BRDA:78,58,1,0
BRDA:79,59,0,0
BRDA:79,59,1,0
BRDA:84,60,0,0
BRDA:84,60,1,0
BRDA:85,61,0,0
BRDA:85,61,1,0
BRDA:90,62,0,0
BRDA:90,62,1,0
BRDA:91,63,0,0
BRDA:91,63,1,0
BRDA:96,64,0,0
BRDA:96,64,1,0
BRDA:97,65,0,0
BRDA:97,65,1,0
BRDA:105,66,0,0
BRDA:105,66,1,0
BRDA:106,67,0,0
BRDA:106,67,1,0
BRDA:111,68,0,0
BRDA:111,68,1,0
BRDA:112,69,0,0
BRDA:112,69,1,0
BRDA:117,70,0,0
BRDA:117,70,1,0
BRDA:118,71,0,0
BRDA:118,71,1,0
BRDA:123,72,0,0
BRDA:123,72,1,0
BRDA:124,73,0,0
BRDA:124,73,1,0
BRDA:132,74,0,0
BRDA:132,74,1,0
BRDA:133,75,0,0
BRDA:133,75,1,0
BRF:156
BRH:85
end_of_record
TN:
SF:src\common\UrlFormatter.js
FN:4,(anonymous_0)
FN:12,(anonymous_1)
FN:16,(anonymous_2)
FN:26,(anonymous_3)
FN:39,(anonymous_4)
FNF:5
FNH:5
FNDA:6,(anonymous_0)
FNDA:6,(anonymous_1)
FNDA:6,(anonymous_2)
FNDA:12,(anonymous_3)
FNDA:6,(anonymous_4)
DA:5,6
DA:9,6
DA:13,6
DA:17,6
DA:21,6
DA:22,6
DA:23,6
DA:27,12
DA:31,12
DA:32,0
DA:34,12
DA:35,12
DA:36,12
DA:40,6
DA:44,6
DA:45,6
LF:16
LH:15
BRDA:21,0,0,6
BRDA:21,0,1,0
BRDA:31,1,0,0
BRDA:31,1,1,12
BRDA:31,2,0,12
BRDA:31,2,1,12
BRDA:34,3,0,6
BRDA:34,3,1,6
BRF:8
BRH:6
end_of_record
TN:
SF:src\components\GridItem\GridItem.jsx
FN:4,(anonymous_0)
FNF:1
FNH:1
FNDA:5,(anonymous_0)
DA:4,1
DA:5,5
DA:13,1
LF:3
LH:3
BRF:0
BRH:0
end_of_record
TN:
SF:src\services\GiphyService.js
FN:6,(anonymous_0)
FN:10,(anonymous_1)
FN:20,(anonymous_2)
FN:27,(anonymous_3)
FN:32,(anonymous_4)
FN:51,(anonymous_5)
FN:58,(anonymous_6)
FN:64,(anonymous_7)
FN:95,(anonymous_8)
FNF:9
FNH:6
FNDA:11,(anonymous_0)
FNDA:0,(anonymous_1)
FNDA:0,(anonymous_2)
FNDA:0,(anonymous_3)
FNDA:6,(anonymous_4)
FNDA:6,(anonymous_5)
FNDA:1,(anonymous_6)
FNDA:11,(anonymous_7)
FNDA:5,(anonymous_8)
DA:7,11
DA:11,0
DA:12,0
DA:21,0
DA:22,0
DA:24,0
DA:28,0
DA:33,6
DA:34,6
DA:37,6
DA:41,6
DA:42,6
DA:52,6
DA:53,5
DA:55,1
DA:59,1
DA:65,11
DA:66,11
DA:69,9
DA:73,7
DA:74,7
DA:78,7
DA:79,1
DA:80,1
DA:81,1
DA:92,6
DA:95,7
DA:96,5
DA:103,1
DA:104,1
LF:30
LH:24
BRDA:21,0,0,0
BRDA:21,0,1,0
BRDA:32,1,0,0
BRDA:52,2,0,5
BRDA:52,2,1,1
BRDA:64,3,0,4
BRDA:78,4,0,1
BRDA:78,4,1,6
BRDA:95,5,0,7
BRDA:95,5,1,0
BRF:10
BRH:6
end_of_record
