{"C:\\Apps\\malonejv\\cursos\\curso-fernando-herrera-react\\src\\section-05\\counter-app-vite\\src\\App.jsx": {"path":"C:\\Apps\\malonejv\\cursos\\curso-fernando-herrera-react\\src\\section-05\\counter-app-vite\\src\\App.jsx","statementMap":{"0":{"start":{"line":3,"column":12},"end":{"line":18,"column":1}},"1":{"start":{"line":8,"column":2},"end":{"line":17,"column":4}},"2":{"start":{"line":20,"column":0},"end":{"line":24,"column":2}}},"fnMap":{"0":{"name":"(anonymous_0)","decl":{"start":{"line":3,"column":12},"end":{"line":3,"column":13}},"loc":{"start":{"line":7,"column":6},"end":{"line":18,"column":1}},"line":7}},"branchMap":{"0":{"loc":{"start":{"line":4,"column":2},"end":{"line":4,"column":89}},"type":"default-arg","locations":[{"start":{"line":4,"column":18},"end":{"line":4,"column":89}}],"line":4},"1":{"loc":{"start":{"line":5,"column":2},"end":{"line":5,"column":33}},"type":"default-arg","locations":[{"start":{"line":5,"column":10},"end":{"line":5,"column":33}}],"line":5},"2":{"loc":{"start":{"line":6,"column":2},"end":{"line":6,"column":29}},"type":"default-arg","locations":[{"start":{"line":6,"column":8},"end":{"line":6,"column":29}}],"line":6}},"s":{"0":1,"1":1,"2":1},"f":{"0":1},"b":{"0":[1],"1":[1],"2":[1]},"_coverageSchema":"1a1c01bbd47fc00a2c39e90264f33305004495a9","hash":"68fc3186099d0a723acd6d50bb5cdd0b60c5949f"}
,"C:\\Apps\\malonejv\\cursos\\curso-fernando-herrera-react\\src\\section-05\\counter-app-vite\\src\\base-pruebas\\02-template-string.js": {"path":"C:\\Apps\\malonejv\\cursos\\curso-fernando-herrera-react\\src\\section-05\\counter-app-vite\\src\\base-pruebas\\02-template-string.js","statementMap":{"0":{"start":{"line":3,"column":4},"end":{"line":3,"column":28}}},"fnMap":{"0":{"name":"getSaludo","decl":{"start":{"line":2,"column":16},"end":{"line":2,"column":25}},"loc":{"start":{"line":2,"column":34},"end":{"line":4,"column":1}},"line":2}},"branchMap":{},"s":{"0":1},"f":{"0":1},"b":{},"_coverageSchema":"1a1c01bbd47fc00a2c39e90264f33305004495a9","hash":"32cb9dde3af574fc3b871136e5c57d7dacbe1b1e"}
,"C:\\Apps\\malonejv\\cursos\\curso-fernando-herrera-react\\src\\section-05\\counter-app-vite\\src\\base-pruebas\\05-funciones.js": {"path":"C:\\Apps\\malonejv\\cursos\\curso-fernando-herrera-react\\src\\section-05\\counter-app-vite\\src\\base-pruebas\\05-funciones.js","statementMap":{"0":{"start":{"line":2,"column":23},"end":{"line":5,"column":2}},"1":{"start":{"line":2,"column":30},"end":{"line":5,"column":1}},"2":{"start":{"line":8,"column":32},"end":{"line":11,"column":2}},"3":{"start":{"line":8,"column":46},"end":{"line":11,"column":1}}},"fnMap":{"0":{"name":"(anonymous_0)","decl":{"start":{"line":2,"column":23},"end":{"line":2,"column":24}},"loc":{"start":{"line":2,"column":30},"end":{"line":5,"column":1}},"line":2},"1":{"name":"(anonymous_1)","decl":{"start":{"line":8,"column":32},"end":{"line":8,"column":33}},"loc":{"start":{"line":8,"column":46},"end":{"line":11,"column":1}},"line":8}},"branchMap":{},"s":{"0":1,"1":1,"2":1,"3":1},"f":{"0":1,"1":1},"b":{},"_coverageSchema":"1a1c01bbd47fc00a2c39e90264f33305004495a9","hash":"64d0a4b1c16ea5f2b530c9ecf433579773aa9d06"}
,"C:\\Apps\\malonejv\\cursos\\curso-fernando-herrera-react\\src\\section-05\\counter-app-vite\\src\\base-pruebas\\06-deses-obj.js": {"path":"C:\\Apps\\malonejv\\cursos\\curso-fernando-herrera-react\\src\\section-05\\counter-app-vite\\src\\base-pruebas\\06-deses-obj.js","statementMap":{"0":{"start":{"line":1,"column":25},"end":{"line":11,"column":1}},"1":{"start":{"line":2,"column":4},"end":{"line":9,"column":5}}},"fnMap":{"0":{"name":"(anonymous_0)","decl":{"start":{"line":1,"column":25},"end":{"line":1,"column":26}},"loc":{"start":{"line":1,"column":73},"end":{"line":11,"column":1}},"line":1}},"branchMap":{"0":{"loc":{"start":{"line":1,"column":49},"end":{"line":1,"column":66}},"type":"default-arg","locations":[{"start":{"line":1,"column":57},"end":{"line":1,"column":66}}],"line":1}},"s":{"0":1,"1":1},"f":{"0":1},"b":{"0":[0]},"_coverageSchema":"1a1c01bbd47fc00a2c39e90264f33305004495a9","hash":"82e921ca7652ea4cc081c7df7b4c67fdb336968f"}
,"C:\\Apps\\malonejv\\cursos\\curso-fernando-herrera-react\\src\\section-05\\counter-app-vite\\src\\base-pruebas\\07-deses-arr.js": {"path":"C:\\Apps\\malonejv\\cursos\\curso-fernando-herrera-react\\src\\section-05\\counter-app-vite\\src\\base-pruebas\\07-deses-arr.js","statementMap":{"0":{"start":{"line":1,"column":30},"end":{"line":3,"column":1}},"1":{"start":{"line":2,"column":4},"end":{"line":2,"column":24}}},"fnMap":{"0":{"name":"(anonymous_0)","decl":{"start":{"line":1,"column":30},"end":{"line":1,"column":31}},"loc":{"start":{"line":1,"column":35},"end":{"line":3,"column":1}},"line":1}},"branchMap":{},"s":{"0":1,"1":1},"f":{"0":1},"b":{},"_coverageSchema":"1a1c01bbd47fc00a2c39e90264f33305004495a9","hash":"338ba8e897272ededa22a355b13ae5a8f6a59025"}
,"C:\\Apps\\malonejv\\cursos\\curso-fernando-herrera-react\\src\\section-05\\counter-app-vite\\src\\base-pruebas\\08-imp-exp.js": {"path":"C:\\Apps\\malonejv\\cursos\\curso-fernando-herrera-react\\src\\section-05\\counter-app-vite\\src\\base-pruebas\\08-imp-exp.js","statementMap":{"0":{"start":{"line":3,"column":28},"end":{"line":3,"column":75}},"1":{"start":{"line":3,"column":36},"end":{"line":3,"column":75}},"2":{"start":{"line":3,"column":59},"end":{"line":3,"column":74}},"3":{"start":{"line":5,"column":32},"end":{"line":5,"column":90}},"4":{"start":{"line":5,"column":43},"end":{"line":5,"column":90}},"5":{"start":{"line":5,"column":68},"end":{"line":5,"column":89}}},"fnMap":{"0":{"name":"(anonymous_0)","decl":{"start":{"line":3,"column":28},"end":{"line":3,"column":29}},"loc":{"start":{"line":3,"column":36},"end":{"line":3,"column":75}},"line":3},"1":{"name":"(anonymous_1)","decl":{"start":{"line":3,"column":48},"end":{"line":3,"column":49}},"loc":{"start":{"line":3,"column":59},"end":{"line":3,"column":74}},"line":3},"2":{"name":"(anonymous_2)","decl":{"start":{"line":5,"column":32},"end":{"line":5,"column":33}},"loc":{"start":{"line":5,"column":43},"end":{"line":5,"column":90}},"line":5},"3":{"name":"(anonymous_3)","decl":{"start":{"line":5,"column":57},"end":{"line":5,"column":58}},"loc":{"start":{"line":5,"column":68},"end":{"line":5,"column":89}},"line":5}},"branchMap":{},"s":{"0":2,"1":6,"2":18,"3":2,"4":1,"5":5},"f":{"0":6,"1":18,"2":1,"3":5},"b":{},"_coverageSchema":"1a1c01bbd47fc00a2c39e90264f33305004495a9","hash":"96e0fb7c74f990e61732c039e26a32b2f211ac91"}
,"C:\\Apps\\malonejv\\cursos\\curso-fernando-herrera-react\\src\\section-05\\counter-app-vite\\src\\base-pruebas\\09-promesas.js": {"path":"C:\\Apps\\malonejv\\cursos\\curso-fernando-herrera-react\\src\\section-05\\counter-app-vite\\src\\base-pruebas\\09-promesas.js","statementMap":{"0":{"start":{"line":3,"column":33},"end":{"line":17,"column":1}},"1":{"start":{"line":5,"column":4},"end":{"line":16,"column":7}},"2":{"start":{"line":7,"column":8},"end":{"line":14,"column":17}},"3":{"start":{"line":8,"column":23},"end":{"line":8,"column":41}},"4":{"start":{"line":9,"column":12},"end":{"line":13,"column":13}},"5":{"start":{"line":10,"column":16},"end":{"line":10,"column":30}},"6":{"start":{"line":12,"column":16},"end":{"line":12,"column":58}}},"fnMap":{"0":{"name":"(anonymous_0)","decl":{"start":{"line":3,"column":33},"end":{"line":3,"column":34}},"loc":{"start":{"line":3,"column":43},"end":{"line":17,"column":1}},"line":3},"1":{"name":"(anonymous_1)","decl":{"start":{"line":5,"column":24},"end":{"line":5,"column":25}},"loc":{"start":{"line":5,"column":45},"end":{"line":16,"column":5}},"line":5},"2":{"name":"(anonymous_2)","decl":{"start":{"line":7,"column":20},"end":{"line":7,"column":21}},"loc":{"start":{"line":7,"column":27},"end":{"line":14,"column":9}},"line":7}},"branchMap":{"0":{"loc":{"start":{"line":9,"column":12},"end":{"line":13,"column":13}},"type":"if","locations":[{"start":{"line":9,"column":12},"end":{"line":13,"column":13}},{"start":{"line":11,"column":19},"end":{"line":13,"column":13}}],"line":9}},"s":{"0":1,"1":4,"2":4,"3":4,"4":4,"5":2,"6":2},"f":{"0":4,"1":4,"2":4},"b":{"0":[2,2]},"_coverageSchema":"1a1c01bbd47fc00a2c39e90264f33305004495a9","hash":"852a72fb3f85941a9e7c099bc7a400fe2c06b414"}
,"C:\\Apps\\malonejv\\cursos\\curso-fernando-herrera-react\\src\\section-05\\counter-app-vite\\src\\base-pruebas\\11-async-await.js": {"path":"C:\\Apps\\malonejv\\cursos\\curso-fernando-herrera-react\\src\\section-05\\counter-app-vite\\src\\base-pruebas\\11-async-await.js","statementMap":{"0":{"start":{"line":3,"column":25},"end":{"line":14,"column":1}},"1":{"start":{"line":5,"column":4},"end":{"line":13,"column":5}},"2":{"start":{"line":6,"column":21},"end":{"line":6,"column":89}},"3":{"start":{"line":7,"column":25},"end":{"line":7,"column":42}},"4":{"start":{"line":9,"column":24},"end":{"line":9,"column":44}},"5":{"start":{"line":10,"column":8},"end":{"line":10,"column":19}},"6":{"start":{"line":12,"column":8},"end":{"line":12,"column":49}}},"fnMap":{"0":{"name":"(anonymous_0)","decl":{"start":{"line":3,"column":25},"end":{"line":3,"column":26}},"loc":{"start":{"line":3,"column":37},"end":{"line":14,"column":1}},"line":3}},"branchMap":{},"s":{"0":2,"1":2,"2":2,"3":2,"4":2,"5":2,"6":0},"f":{"0":2},"b":{},"_coverageSchema":"1a1c01bbd47fc00a2c39e90264f33305004495a9","hash":"e37edeb384d4718fa4f087e9f414c40175d5b9af"}
,"C:\\Apps\\malonejv\\cursos\\curso-fernando-herrera-react\\src\\section-05\\counter-app-vite\\src\\config\\env.testing.js": {"path":"C:\\Apps\\malonejv\\cursos\\curso-fernando-herrera-react\\src\\section-05\\counter-app-vite\\src\\config\\env.testing.js","statementMap":{"0":{"start":{"line":1,"column":22},"end":{"line":1,"column":80}}},"fnMap":{},"branchMap":{"0":{"loc":{"start":{"line":1,"column":22},"end":{"line":1,"column":80}},"type":"binary-expr","locations":[{"start":{"line":1,"column":22},"end":{"line":1,"column":52}},{"start":{"line":1,"column":56},"end":{"line":1,"column":80}}],"line":1}},"s":{"0":2},"f":{},"b":{"0":[2,0]},"_coverageSchema":"1a1c01bbd47fc00a2c39e90264f33305004495a9","hash":"8c7527e0b858ec929e4132fb9c203eca6a79f947"}
,"C:\\Apps\\malonejv\\cursos\\curso-fernando-herrera-react\\src\\section-05\\counter-app-vite\\src\\data\\heroes.js": {"path":"C:\\Apps\\malonejv\\cursos\\curso-fernando-herrera-react\\src\\section-05\\counter-app-vite\\src\\data\\heroes.js","statementMap":{"0":{"start":{"line":1,"column":22},"end":{"line":27,"column":1}}},"fnMap":{},"branchMap":{},"s":{"0":2},"f":{},"b":{},"_coverageSchema":"1a1c01bbd47fc00a2c39e90264f33305004495a9","hash":"72dbaeab4b7392969c18304ea09937ccffb6da92"}
}
